Log at : 2020/10/31|18:15:31|GMT+0800

[Project Close]: MCDU KEY
Log at : 2020/10/31|18:15:59|GMT+0800

Log at : 2020/10/31|18:16:02|GMT+0800

Log at : 2020/10/31|21:48:33|GMT+0800

Log at : 2020/10/31|22:34:39|GMT+0800

[SyntaxError: Unexpected token / in JSON at position 597
	at JSON.parse (<anonymous>)
	at I.updateCppProperties (c:\Users\050158\.vscode\extensions\cl.keil-assistant-1.6.2\dist\extension.js:1:9921)
	at I.<anonymous> (c:\Users\050158\.vscode\extensions\cl.keil-assistant-1.6.2\dist\extension.js:1:11492)
	at Generator.next (<anonymous>)
	at c:\Users\050158\.vscode\extensions\cl.keil-assistant-1.6.2\dist\extension.js:1:4542
	at new Promise (<anonymous>)
	at r (c:\Users\050158\.vscode\extensions\cl.keil-assistant-1.6.2\dist\extension.js:1:4287)
	at I.load (c:\Users\050158\.vscode\extensions\cl.keil-assistant-1.6.2\dist\extension.js:1:10382)
	at x.<anonymous> (c:\Users\050158\.vscode\extensions\cl.keil-assistant-1.6.2\dist\extension.js:1:8182)
	at Generator.next (<anonymous>)
	at a (c:\Users\050158\.vscode\extensions\cl.keil-assistant-1.6.2\dist\extension.js:1:4344)
	at processTicksAndRejections (internal/process/task_queues.js:94:5)]
Log at : 2020/10/31|22:39:37|GMT+0800

Log at : 2020/10/31|22:39:41|GMT+0800

Log at : 2020/11/1|09:55:03|GMT+0800

Log at : 2020/11/1|09:56:48|GMT+0800

Log at : 2020/11/1|09:56:53|GMT+0800

Log at : 2020/11/2|11:55:24|GMT+0800

Log at : 2020/11/2|12:23:27|GMT+0800

[Project Close]: MCDU KEY
Log at : 2020/11/2|12:52:03|GMT+0800

Log at : 2020/11/2|12:52:07|GMT+0800

Log at : 2020/11/4|14:41:25|GMT+0800

[Project Close]: MCDU KEY
Log at : 2020/11/4|14:41:45|GMT+0800

Log at : 2020/11/4|14:43:29|GMT+0800

Log at : 2020/11/5|13:14:11|GMT+0800

Log at : 2020/11/5|13:14:20|GMT+0800

Log at : 2020/11/7|20:49:17|GMT+0800

Log at : 2020/11/7|20:50:55|GMT+0800

[Project Close]: MCDU KEY
Log at : 2020/11/7|21:00:14|GMT+0800

Log at : 2020/11/7|21:00:26|GMT+0800

Log at : 2020/11/7|21:11:50|GMT+0800

Log at : 2020/11/7|22:08:42|GMT+0800

Log at : 2020/11/7|22:08:46|GMT+0800

Log at : 2020/11/9|22:35:30|GMT+0800

Log at : 2020/11/11|13:27:07|GMT+0800

Log at : 2020/11/11|13:27:22|GMT+0800

Log at : 2020/11/11|14:24:14|GMT+0800

Log at : 2020/11/11|14:24:18|GMT+0800

Log at : 2020/11/11|15:13:22|GMT+0800

Log at : 2020/11/11|15:13:26|GMT+0800

Log at : 2020/11/11|15:15:25|GMT+0800

Log at : 2020/11/11|18:10:50|GMT+0800

Log at : 2020/11/11|18:10:55|GMT+0800

Log at : 2020/11/11|18:15:14|GMT+0800

Log at : 2020/11/11|18:15:18|GMT+0800

Log at : 2020/11/11|22:09:55|GMT+0800

Log at : 2020/11/12|22:00:57|GMT+0800

Log at : 2020/11/12|22:11:42|GMT+0800

Log at : 2020/11/12|22:19:22|GMT+0800

Log at : 2020/11/13|10:33:29|GMT+0800

Log at : 2020/11/13|23:09:03|GMT+0800

